#
# There is insufficient memory for the Java Runtime Environment to continue.
# Native memory allocation (malloc) failed to allocate 32784 bytes for Chunk::new
# Possible reasons:
#   The system is out of physical RAM or swap space
#   In 32 bit mode, the process size limit was hit
# Possible solutions:
#   Reduce memory load on the system
#   Increase physical memory or swap space
#   Check if swap backing store is full
#   Use 64 bit Java on a 64 bit OS
#   Decrease Java heap size (-Xmx/-Xms)
#   Decrease number of Java threads
#   Decrease Java thread stack sizes (-Xss)
#   Set larger code cache with -XX:ReservedCodeCacheSize=
# This output file may be truncated or incomplete.
#
#  Out of Memory Error (allocation.cpp:390), pid=3584, tid=0x00000000000016ec
#
# JRE version: Java(TM) SE Runtime Environment (8.0_112-b15) (build 1.8.0_112-b15)
# Java VM: Java HotSpot(TM) 64-Bit Server VM (25.112-b15 mixed mode windows-amd64 compressed oops)
# Failed to write core dump. Minidumps are not enabled by default on client versions of Windows
#

---------------  T H R E A D  ---------------

Current thread (0x0000000054756800):  JavaThread "C2 CompilerThread0" daemon [_thread_in_native, id=5868, stack(0x0000000055c50000,0x0000000055d50000)]

Stack: [0x0000000055c50000,0x0000000055d50000]
[error occurred during error reporting (printing stack bounds), id 0xc0000005]

Native frames: (J=compiled Java code, j=interpreted, Vv=VM code, C=native code)


Current CompileTask:
C2:   3167 1298   !   4       java.lang.ClassLoader::loadClass (122 bytes)


---------------  P R O C E S S  ---------------

Java Threads: ( => current thread )
  0x0000000055e98800 JavaThread "Service Thread" daemon [_thread_blocked, id=564, stack(0x0000000055aa0000,0x0000000055ba0000)]
  0x0000000054766000 JavaThread "C1 CompilerThread1" daemon [_thread_blocked, id=5224, stack(0x0000000055d90000,0x0000000055e90000)]
=>0x0000000054756800 JavaThread "C2 CompilerThread0" daemon [_thread_in_native, id=5868, stack(0x0000000055c50000,0x0000000055d50000)]
  0x0000000054755000 JavaThread "Attach Listener" daemon [_thread_blocked, id=1820, stack(0x00000000559a0000,0x0000000055aa0000)]
  0x000000005475d800 JavaThread "Signal Dispatcher" daemon [_thread_blocked, id=1352, stack(0x0000000055810000,0x0000000055910000)]
  0x000000005473e800 JavaThread "Finalizer" daemon [_thread_blocked, id=2740, stack(0x0000000055510000,0x0000000055610000)]
  0x00000000546f6800 JavaThread "Reference Handler" daemon [_thread_blocked, id=4428, stack(0x0000000055360000,0x0000000055460000)]
  0x00000000000ed800 JavaThread "main" [_thread_in_vm, id=3096, stack(0x0000000002420000,0x0000000002520000)]

Other Threads:
  0x00000000546ed000 VMThread [stack: 0x00000000551f0000,0x00000000552f0000] [id=4292]
  0x00000000547bf800 WatcherThread [stack: 0x0000000056340000,0x0000000056440000] [id=5736]

VM state:not at safepoint (normal execution)

VM Mutex/Monitor currently owned by a thread: None

Heap:
 PSYoungGen      total 16896K, used 11203K [0x00000000ed780000, 0x00000000eea00000, 0x0000000100000000)
  eden space 14848K, 61% used [0x00000000ed780000,0x00000000ee078d08,0x00000000ee600000)
  from space 2048K, 98% used [0x00000000ee800000,0x00000000ee9f8020,0x00000000eea00000)
  to   space 2048K, 0% used [0x00000000ee600000,0x00000000ee600000,0x00000000ee800000)
 ParOldGen       total 38400K, used 5323K [0x00000000c8600000, 0x00000000cab80000, 0x00000000ed780000)
  object space 38400K, 13% used [0x00000000c8600000,0x00000000c8b32d38,0x00000000cab80000)
 Metaspace       used 12133K, capacity 12342K, committed 12416K, reserved 1060864K
  class space    used 1535K, capacity 1641K, committed 1664K, reserved 1048576K

Card table byte_map: [0x0000000011bb0000,0x0000000011d70000] byte_map_base: 0x000000001156d000

Marking Bits: (ParMarkBitMap*) 0x000000006268a6d0
 Begin Bits: [0x0000000012030000, 0x0000000012e18000)
 End Bits:   [0x0000000012e18000, 0x0000000013c00000)

Polling page: 0x0000000000330000

CodeCache: size=245760Kb used=4632Kb max_used=4632Kb free=241128Kb
 bounds [0x00000000027f0000, 0x0000000002c80000, 0x00000000117f0000]
 total_blobs=1621 nmethods=1306 adapters=228
 compilation: enabled

Compilation events (10 events):
Event: 3.033 Thread 0x0000000054766000 nmethod 1294 0x0000000002c73e90 code [0x0000000002c74020, 0x0000000002c74278]
Event: 3.034 Thread 0x0000000054766000 1295       3       org.eclipse.sisu.plexus.RealmFilter$FilteredItr::hasNext (81 bytes)
Event: 3.034 Thread 0x0000000054766000 nmethod 1295 0x0000000002c72f50 code [0x0000000002c73140, 0x0000000002c73b58]
Event: 3.035 Thread 0x0000000054766000 1296       3       sun.reflect.NativeConstructorAccessorImpl::newInstance (89 bytes)
Event: 3.037 Thread 0x0000000054766000 nmethod 1296 0x0000000002c750d0 code [0x0000000002c75340, 0x0000000002c76638]
Event: 3.053 Thread 0x0000000054756800 1298   !   4       java.lang.ClassLoader::loadClass (122 bytes)
Event: 3.059 Thread 0x0000000054766000 1301       1       java.net.URLStreamHandler::getDefaultPort (2 bytes)
Event: 3.059 Thread 0x0000000054766000 nmethod 1301 0x0000000002c72510 code [0x0000000002c72660, 0x0000000002c72770]
Event: 3.073 Thread 0x0000000054766000 1302       3       java.util.LinkedHashMap$LinkedEntryIterator::next (5 bytes)
Event: 3.073 Thread 0x0000000054766000 nmethod 1302 0x0000000002c76e50 code [0x0000000002c76fc0, 0x0000000002c772a8]

GC Heap History (8 events):
Event: 1.290 GC heap before
{Heap before GC invocations=1 (full 0):
 PSYoungGen      total 16896K, used 14848K [0x00000000ed780000, 0x00000000eea00000, 0x0000000100000000)
  eden space 14848K, 100% used [0x00000000ed780000,0x00000000ee600000,0x00000000ee600000)
  from space 2048K, 0% used [0x00000000ee800000,0x00000000ee800000,0x00000000eea00000)
  to   space 2048K, 0% used [0x00000000ee600000,0x00000000ee600000,0x00000000ee800000)
 ParOldGen       total 38400K, used 0K [0x00000000c8600000, 0x00000000cab80000, 0x00000000ed780000)
  object space 38400K, 0% used [0x00000000c8600000,0x00000000c8600000,0x00000000cab80000)
 Metaspace       used 6347K, capacity 6532K, committed 6784K, reserved 1056768K
  class space    used 774K, capacity 860K, committed 896K, reserved 1048576K
Event: 1.297 GC heap after
Heap after GC invocations=1 (full 0):
 PSYoungGen      total 16896K, used 2045K [0x00000000ed780000, 0x00000000eea00000, 0x0000000100000000)
  eden space 14848K, 0% used [0x00000000ed780000,0x00000000ed780000,0x00000000ee600000)
  from space 2048K, 99% used [0x00000000ee600000,0x00000000ee7ff520,0x00000000ee800000)
  to   space 2048K, 0% used [0x00000000ee800000,0x00000000ee800000,0x00000000eea00000)
 ParOldGen       total 38400K, used 816K [0x00000000c8600000, 0x00000000cab80000, 0x00000000ed780000)
  object space 38400K, 2% used [0x00000000c8600000,0x00000000c86cc3e0,0x00000000cab80000)
 Metaspace       used 6347K, capacity 6532K, committed 6784K, reserved 1056768K
  class space    used 774K, capacity 860K, committed 896K, reserved 1048576K
}
Event: 1.619 GC heap before
{Heap before GC invocations=2 (full 0):
 PSYoungGen      total 16896K, used 16893K [0x00000000ed780000, 0x00000000eea00000, 0x0000000100000000)
  eden space 14848K, 100% used [0x00000000ed780000,0x00000000ee600000,0x00000000ee600000)
  from space 2048K, 99% used [0x00000000ee600000,0x00000000ee7ff520,0x00000000ee800000)
  to   space 2048K, 0% used [0x00000000ee800000,0x00000000ee800000,0x00000000eea00000)
 ParOldGen       total 38400K, used 816K [0x00000000c8600000, 0x00000000cab80000, 0x00000000ed780000)
  object space 38400K, 2% used [0x00000000c8600000,0x00000000c86cc3e0,0x00000000cab80000)
 Metaspace       used 7246K, capacity 7428K, committed 7680K, reserved 1056768K
  class space    used 916K, capacity 988K, committed 1024K, reserved 1048576K
Event: 1.627 GC heap after
Heap after GC invocations=2 (full 0):
 PSYoungGen      total 16896K, used 2041K [0x00000000ed780000, 0x00000000eea00000, 0x0000000100000000)
  eden space 14848K, 0% used [0x00000000ed780000,0x00000000ed780000,0x00000000ee600000)
  from space 2048K, 99% used [0x00000000ee800000,0x00000000ee9fe668,0x00000000eea00000)
  to   space 2048K, 0% used [0x00000000ee600000,0x00000000ee600000,0x00000000ee800000)
 ParOldGen       total 38400K, used 1129K [0x00000000c8600000, 0x00000000cab80000, 0x00000000ed780000)
  object space 38400K, 2% used [0x00000000c8600000,0x00000000c871a530,0x00000000cab80000)
 Metaspace       used 7246K, capacity 7428K, committed 7680K, reserved 1056768K
  class space    used 916K, capacity 988K, committed 1024K, reserved 1048576K
}
Event: 2.096 GC heap before
{Heap before GC invocations=3 (full 0):
 PSYoungGen      total 16896K, used 16889K [0x00000000ed780000, 0x00000000eea00000, 0x0000000100000000)
  eden space 14848K, 100% used [0x00000000ed780000,0x00000000ee600000,0x00000000ee600000)
  from space 2048K, 99% used [0x00000000ee800000,0x00000000ee9fe668,0x00000000eea00000)
  to   space 2048K, 0% used [0x00000000ee600000,0x00000000ee600000,0x00000000ee800000)
 ParOldGen       total 38400K, used 1129K [0x00000000c8600000, 0x00000000cab80000, 0x00000000ed780000)
  object space 38400K, 2% used [0x00000000c8600000,0x00000000c871a530,0x00000000cab80000)
 Metaspace       used 8891K, capacity 9014K, committed 9088K, reserved 1056768K
  class space    used 1098K, capacity 1152K, committed 1152K, reserved 1048576K
Event: 2.185 GC heap after
Heap after GC invocations=3 (full 0):
 PSYoungGen      total 16896K, used 2048K [0x00000000ed780000, 0x00000000eea00000, 0x0000000100000000)
  eden space 14848K, 0% used [0x00000000ed780000,0x00000000ed780000,0x00000000ee600000)
  from space 2048K, 100% used [0x00000000ee600000,0x00000000ee800000,0x00000000ee800000)
  to   space 2048K, 0% used [0x00000000ee800000,0x00000000ee800000,0x00000000eea00000)
 ParOldGen       total 38400K, used 2816K [0x00000000c8600000, 0x00000000cab80000, 0x00000000ed780000)
  object space 38400K, 7% used [0x00000000c8600000,0x00000000c88c0328,0x00000000cab80000)
 Metaspace       used 8891K, capacity 9014K, committed 9088K, reserved 1056768K
  class space    used 1098K, capacity 1152K, committed 1152K, reserved 1048576K
}
Event: 2.626 GC heap before
{Heap before GC invocations=4 (full 0):
 PSYoungGen      total 16896K, used 16896K [0x00000000ed780000, 0x00000000eea00000, 0x0000000100000000)
  eden space 14848K, 100% used [0x00000000ed780000,0x00000000ee600000,0x00000000ee600000)
  from space 2048K, 100% used [0x00000000ee600000,0x00000000ee800000,0x00000000ee800000)
  to   space 2048K, 0% used [0x00000000ee800000,0x00000000ee800000,0x00000000eea00000)
 ParOldGen       total 38400K, used 2816K [0x00000000c8600000, 0x00000000cab80000, 0x00000000ed780000)
  object space 38400K, 7% used [0x00000000c8600000,0x00000000c88c0328,0x00000000cab80000)
 Metaspace       used 10756K, capacity 10922K, committed 11264K, reserved 1058816K
  class space    used 1364K, capacity 1447K, committed 1536K, reserved 1048576K
Event: 2.642 GC heap after
Heap after GC invocations=4 (full 0):
 PSYoungGen      total 16896K, used 2016K [0x00000000ed780000, 0x00000000eea00000, 0x0000000100000000)
  eden space 14848K, 0% used [0x00000000ed780000,0x00000000ed780000,0x00000000ee600000)
  from space 2048K, 98% used [0x00000000ee800000,0x00000000ee9f8020,0x00000000eea00000)
  to   space 2048K, 0% used [0x00000000ee600000,0x00000000ee600000,0x00000000ee800000)
 ParOldGen       total 38400K, used 5323K [0x00000000c8600000, 0x00000000cab80000, 0x00000000ed780000)
  object space 38400K, 13% used [0x00000000c8600000,0x00000000c8b32d38,0x00000000cab80000)
 Metaspace       used 10756K, capacity 10922K, committed 11264K, reserved 1058816K
  class space    used 1364K, capacity 1447K, committed 1536K, reserved 1048576K
}

Deoptimization events (5 events):
Event: 1.077 Thread 0x00000000000ed800 Uncommon trap: reason=unstable_if action=reinterpret pc=0x00000000029722d4 method=java.lang.String.indexOf([CII[CIII)I @ 3
Event: 1.512 Thread 0x00000000000ed800 Uncommon trap: reason=unstable_if action=reinterpret pc=0x0000000002a7fc60 method=sun.nio.cs.StreamDecoder.implRead([CII)I @ 71
Event: 1.545 Thread 0x00000000000ed800 Uncommon trap: reason=unstable_if action=reinterpret pc=0x0000000002a8d9cc method=sun.nio.cs.StreamDecoder.implRead([CII)I @ 197
Event: 1.799 Thread 0x00000000000ed800 Uncommon trap: reason=unstable_if action=reinterpret pc=0x0000000002ae33ec method=java.util.HashMap.getNode(ILjava/lang/Object;)Ljava/util/HashMap$Node; @ 129
Event: 1.799 Thread 0x00000000000ed800 Uncommon trap: reason=unstable_if action=reinterpret pc=0x0000000002ae09a0 method=java.util.HashMap.getNode(ILjava/lang/Object;)Ljava/util/HashMap$Node; @ 129

Internal exceptions (10 events):
Event: 1.261 Thread 0x00000000000ed800 Exception <a 'java/lang/ArrayIndexOutOfBoundsException': 18> (0x00000000ee4eec80) thrown at [C:\re\workspace\8-2-build-windows-amd64-cygwin\jdk8u112\7884\hotspot\src\share\vm\interpreter\interpreterRuntime.cpp, line 366]
Event: 1.262 Thread 0x00000000000ed800 Exception <a 'java/lang/ArrayIndexOutOfBoundsException': 43> (0x00000000ee4efb20) thrown at [C:\re\workspace\8-2-build-windows-amd64-cygwin\jdk8u112\7884\hotspot\src\share\vm\interpreter\interpreterRuntime.cpp, line 366]
Event: 1.263 Thread 0x00000000000ed800 Exception <a 'java/lang/ArrayIndexOutOfBoundsException': 92> (0x00000000ee4f13b8) thrown at [C:\re\workspace\8-2-build-windows-amd64-cygwin\jdk8u112\7884\hotspot\src\share\vm\interpreter\interpreterRuntime.cpp, line 366]
Event: 1.357 Thread 0x00000000000ed800 Exception <a 'java/lang/ArrayIndexOutOfBoundsException'> (0x00000000ed921d88) thrown at [C:\re\workspace\8-2-build-windows-amd64-cygwin\jdk8u112\7884\hotspot\src\share\vm\runtime\sharedRuntime.cpp, line 605]
Event: 1.375 Thread 0x00000000000ed800 Exception <a 'java/lang/ArrayIndexOutOfBoundsException'> (0x00000000ed9748a0) thrown at [C:\re\workspace\8-2-build-windows-amd64-cygwin\jdk8u112\7884\hotspot\src\share\vm\runtime\sharedRuntime.cpp, line 605]
Event: 1.678 Thread 0x00000000000ed800 Exception <a 'java/lang/ArrayIndexOutOfBoundsException'> (0x00000000ed99b960) thrown at [C:\re\workspace\8-2-build-windows-amd64-cygwin\jdk8u112\7884\hotspot\src\share\vm\runtime\sharedRuntime.cpp, line 605]
Event: 1.678 Thread 0x00000000000ed800 Exception <a 'java/lang/ArrayIndexOutOfBoundsException'> (0x00000000ed99d308) thrown at [C:\re\workspace\8-2-build-windows-amd64-cygwin\jdk8u112\7884\hotspot\src\share\vm\runtime\sharedRuntime.cpp, line 605]
Event: 1.755 Thread 0x00000000000ed800 Exception <a 'java/lang/ArrayIndexOutOfBoundsException'> (0x00000000edb4b390) thrown at [C:\re\workspace\8-2-build-windows-amd64-cygwin\jdk8u112\7884\hotspot\src\share\vm\runtime\sharedRuntime.cpp, line 605]
Event: 1.769 Thread 0x00000000000ed800 Exception <a 'java/lang/ArrayIndexOutOfBoundsException'> (0x00000000edb9a008) thrown at [C:\re\workspace\8-2-build-windows-amd64-cygwin\jdk8u112\7884\hotspot\src\share\vm\runtime\sharedRuntime.cpp, line 605]
Event: 1.769 Thread 0x00000000000ed800 Exception <a 'java/lang/ArrayIndexOutOfBoundsException'> (0x00000000edb9ae10) thrown at [C:\re\workspace\8-2-build-windows-amd64-cygwin\jdk8u112\7884\hotspot\src\share\vm\runtime\sharedRuntime.cpp, line 605]

Events (10 events):
Event: 3.077 loading class org/apache/maven/lifecycle/internal/DefaultExecutionEventCatapult$1
Event: 3.077 loading class org/apache/maven/lifecycle/internal/DefaultExecutionEventCatapult$1 done
Event: 3.078 loading class org/apache/maven/project/DefaultProjectBuildingRequest
Event: 3.078 loading class org/apache/maven/project/DefaultProjectBuildingRequest done
Event: 3.080 loading class org/apache/maven/project/ProjectBuildingRequest$RepositoryMerging
Event: 3.080 loading class org/apache/maven/project/ProjectBuildingRequest$RepositoryMerging done
Event: 3.082 loading class org/apache/maven/artifact/repository/LegacyLocalRepositoryManager
Event: 3.082 loading class org/apache/maven/artifact/repository/LegacyLocalRepositoryManager done
Event: 3.083 loading class org/eclipse/aether/repository/RemoteRepository$Builder
Event: 3.083 loading class org/eclipse/aether/repository/RemoteRepository$Builder done


Dynamic libraries:
0x000000013f6b0000 - 0x000000013f6e7000 	C:\Program Files\Java\jre1.8.0_112\bin\javaw.exe
0x0000000077540000 - 0x00000000776e9000 	C:\Windows\SYSTEM32\ntdll.dll
0x0000000077420000 - 0x0000000077540000 	C:\Windows\system32\kernel32.dll
0x000007fefd630000 - 0x000007fefd69c000 	C:\Windows\system32\KERNELBASE.dll
0x000007fefda00000 - 0x000007fefdadb000 	C:\Windows\system32\ADVAPI32.dll
0x000007fefd960000 - 0x000007fefd9ff000 	C:\Windows\system32\msvcrt.dll
0x000007fefe3c0000 - 0x000007fefe3df000 	C:\Windows\SYSTEM32\sechost.dll
0x000007feff6f0000 - 0x000007feff81d000 	C:\Windows\system32\RPCRT4.dll
0x0000000077320000 - 0x000000007741a000 	C:\Windows\system32\USER32.dll
0x000007fefe3e0000 - 0x000007fefe447000 	C:\Windows\system32\GDI32.dll
0x000007fefd740000 - 0x000007fefd74e000 	C:\Windows\system32\LPK.dll
0x000007fefe090000 - 0x000007fefe159000 	C:\Windows\system32\USP10.dll
0x000007fefb950000 - 0x000007fefbb44000 	C:\Windows\WinSxS\amd64_microsoft.windows.common-controls_6595b64144ccf1df_6.0.7601.18837_none_fa3b1e3d17594757\COMCTL32.dll
0x000007fefe4a0000 - 0x000007fefe511000 	C:\Windows\system32\SHLWAPI.dll
0x000007feff820000 - 0x000007feff84e000 	C:\Windows\system32\IMM32.DLL
0x000007feff310000 - 0x000007feff419000 	C:\Windows\system32\MSCTF.dll
0x0000000065a00000 - 0x0000000065ad2000 	C:\Program Files\Java\jre1.8.0_112\bin\msvcr100.dll
0x0000000061e70000 - 0x000000006270a000 	C:\Program Files\Java\jre1.8.0_112\bin\server\jvm.dll
0x000007fefb900000 - 0x000007fefb909000 	C:\Windows\system32\WSOCK32.dll
0x000007fefe450000 - 0x000007fefe49d000 	C:\Windows\system32\WS2_32.dll
0x000007fefe080000 - 0x000007fefe088000 	C:\Windows\system32\NSI.dll
0x000007fef9c80000 - 0x000007fef9cbb000 	C:\Windows\system32\WINMM.dll
0x000007fefc380000 - 0x000007fefc38c000 	C:\Windows\system32\VERSION.dll
0x0000000077700000 - 0x0000000077707000 	C:\Windows\system32\PSAPI.DLL
0x0000000073be0000 - 0x0000000073bef000 	C:\Program Files\Java\jre1.8.0_112\bin\verify.dll
0x0000000068450000 - 0x0000000068479000 	C:\Program Files\Java\jre1.8.0_112\bin\java.dll
0x0000000062f90000 - 0x0000000062fa6000 	C:\Program Files\Java\jre1.8.0_112\bin\zip.dll
0x000007fefe580000 - 0x000007feff309000 	C:\Windows\system32\SHELL32.dll
0x000007fefd750000 - 0x000007fefd953000 	C:\Windows\system32\ole32.dll
0x000007fefd2f0000 - 0x000007fefd2ff000 	C:\Windows\system32\profapi.dll

VM Arguments:
jvm_args: -Dmaven.home=EMBEDDED -Dclassworlds.conf=D:\WorkPlace\.metadata\.plugins\org.eclipse.m2e.launching\launches\m2conf2912379938198923652.tmp -Dfile.encoding=Cp1251 
java_command: org.codehaus.plexus.classworlds.launcher.Launcher -B clean package exec:java
java_class_path (initial): /C:/Program Files/eclipse/plugins/org.eclipse.m2e.maven.runtime_1.5.1.20150109-1819/jars/plexus-classworlds-2.5.1.jar
Launcher Type: SUN_STANDARD

Environment Variables:
JAVA_HOME=C:\Program Files\Java\jdk1.8.0_112
PATH=C:/Program Files/Java/jre1.8.0_112/bin/server;C:/Program Files/Java/jre1.8.0_112/bin;C:/Program Files/Java/jre1.8.0_112/lib/amd64;C:\Program Files (x86)\NVIDIA Corporation\PhysX\Common;C:\ProgramData\Oracle\Java\javapath;C:\Program Files (x86)\AMD APP\bin\x86_64;C:\Program Files (x86)\AMD APP\bin\x86;C:\Windows\system32;C:\Windows;C:\Windows\System32\Wbem;C:\Windows\System32\WindowsPowerShell\v1.0\;C:\Program Files (x86)\ATI Technologies\ATI.ACE\Core-Static;C:\Program Files (x86)\Skype\Phone\;C:\chromedriver.exe;C:\Program Files\MySQL\MySQL Utilities 1.6\;C:\maven\bin;C:\Program Files\Git\cmd;C:\Program Files\eclipse;
USERNAME=Admin
OS=Windows_NT
PROCESSOR_IDENTIFIER=AMD64 Family 18 Model 1 Stepping 0, AuthenticAMD



---------------  S Y S T E M  ---------------

OS: Windows 7 , 64 bit Build 7601 (6.1.7601.19018)

CPU:total 2 (2 cores per cpu, 1 threads per core) family 18 model 1 stepping 0, cmov, cx8, fxsr, mmx, sse, sse2, sse3, popcnt, mmxext, 3dnowpref, lzcnt, sse4a, tsc, tscinvbit, tscinv

Memory: 4k page, physical 3637420k(788964k free), swap 5888384k(5100k free)

vm_info: Java HotSpot(TM) 64-Bit Server VM (25.112-b15) for windows-amd64 JRE (1.8.0_112-b15), built on Sep 22 2016 21:31:56 by "java_re" with MS VC++ 10.0 (VS2010)

time: Thu Dec 15 21:20:03 2016
elapsed time: 3 seconds (0d 0h 0m 3s)

